<?xml version="1.0" encoding="UTF-8"?>
<!-- Generated by org.testng.reporters.JUnitReportReporter -->
<testsuite hostname="vapronixweb-Latitude-3410" failures="0" tests="1" name="trip" time="2530.986" errors="0" timestamp="2023-07-10T16:38:41 IST" skipped="0">
  <testcase classname="trip" name="myTestMethod" time="2530.986"/>
  <system-out/>
</testsuite> <!-- trip -->
