<?xml version="1.0" encoding="UTF-8"?>
<!-- Generated by org.testng.reporters.JUnitReportReporter -->
<testsuite hostname="vapronixweb-Latitude-3410" failures="0" tests="1" name="wordtrip.wordtrip$MyTest" time="79.226" errors="0" timestamp="2023-07-10T13:33:32 IST" skipped="0">
  <testcase classname="wordtrip.wordtrip$MyTest" name="myTestMethod" time="79.226"/>
  <system-out/>
</testsuite> <!-- wordtrip.wordtrip$MyTest -->
